This file contains any messages produced by compilers while
running configure, to aid debugging if configure makes a mistake.

It was created by libeep configure 3.3.163, which was
generated by GNU Autoconf 2.65.  Invocation command line was

  $ ./configure --enable-matlab --prefix /net/store/nbp/eeg_et/tools/libeep-3.3.163/installation

## --------- ##
## Platform. ##
## --------- ##

hostname = melete
uname -m = x86_64
uname -r = 2.6.35-31-generic
uname -s = Linux
uname -v = #63-Ubuntu SMP Mon Nov 28 19:29:10 UTC 2011

/usr/bin/uname -p = unknown
/bin/uname -X     = unknown

/bin/arch              = unknown
/usr/bin/arch -k       = unknown
/usr/convex/getsysinfo = unknown
/usr/bin/hostinfo      = unknown
/bin/machine           = unknown
/usr/bin/oslevel       = unknown
/bin/universe          = unknown

PATH: /usr/local/bin
PATH: /usr/bin
PATH: /bin
PATH: /usr/local/games
PATH: /usr/games


## ----------- ##
## Core tests. ##
## ----------- ##

configure:2268: checking for a BSD-compatible install
configure:2336: result: /usr/bin/install -c
configure:2347: checking whether build environment is sane
configure:2397: result: yes
configure:2538: checking for a thread-safe mkdir -p
configure:2577: result: /bin/mkdir -p
configure:2590: checking for gawk
configure:2606: found /usr/bin/gawk
configure:2617: result: gawk
configure:2628: checking whether make sets $(MAKE)
configure:2650: result: yes
configure:2734: checking build system type
configure:2748: result: x86_64-unknown-linux-gnu
configure:2768: checking host system type
configure:2781: result: x86_64-unknown-linux-gnu
configure:2859: checking for gcc
configure:2875: found /usr/bin/gcc
configure:2886: result: gcc
configure:3115: checking for C compiler version
configure:3124: gcc --version >&5
gcc (Ubuntu/Linaro 4.4.4-14ubuntu5) 4.4.5
Copyright (C) 2010 Free Software Foundation, Inc.
This is free software; see the source for copying conditions.  There is NO
warranty; not even for MERCHANTABILITY or FITNESS FOR A PARTICULAR PURPOSE.

configure:3135: $? = 0
configure:3124: gcc -v >&5
Using built-in specs.
Target: x86_64-linux-gnu
Configured with: ../src/configure -v --with-pkgversion='Ubuntu/Linaro 4.4.4-14ubuntu5' --with-bugurl=file:///usr/share/doc/gcc-4.4/README.Bugs --enable-languages=c,c++,fortran,objc,obj-c++ --prefix=/usr --program-suffix=-4.4 --enable-shared --enable-multiarch --enable-linker-build-id --with-system-zlib --libexecdir=/usr/lib --without-included-gettext --enable-threads=posix --with-gxx-include-dir=/usr/include/c++/4.4 --libdir=/usr/lib --enable-nls --with-sysroot=/ --enable-clocale=gnu --enable-libstdcxx-debug --enable-objc-gc --disable-werror --with-arch-32=i686 --with-tune=generic --enable-checking=release --build=x86_64-linux-gnu --host=x86_64-linux-gnu --target=x86_64-linux-gnu
Thread model: posix
gcc version 4.4.5 (Ubuntu/Linaro 4.4.4-14ubuntu5) 
configure:3135: $? = 0
configure:3124: gcc -V >&5
gcc: '-V' option must have argument
configure:3135: $? = 1
configure:3124: gcc -qversion >&5
gcc: unrecognized option '-qversion'
gcc: no input files
configure:3135: $? = 1
configure:3155: checking whether the C compiler works
configure:3177: gcc    conftest.c  >&5
configure:3181: $? = 0
configure:3230: result: yes
configure:3233: checking for C compiler default output file name
configure:3235: result: a.out
configure:3241: checking for suffix of executables
configure:3248: gcc -o conftest    conftest.c  >&5
configure:3252: $? = 0
configure:3274: result: 
configure:3296: checking whether we are cross compiling
configure:3304: gcc -o conftest    conftest.c  >&5
configure:3308: $? = 0
configure:3315: ./conftest
configure:3319: $? = 0
configure:3334: result: no
configure:3339: checking for suffix of object files
configure:3361: gcc -c   conftest.c >&5
configure:3365: $? = 0
configure:3386: result: o
configure:3390: checking whether we are using the GNU C compiler
configure:3409: gcc -c   conftest.c >&5
configure:3409: $? = 0
configure:3418: result: yes
configure:3427: checking whether gcc accepts -g
configure:3447: gcc -c -g  conftest.c >&5
configure:3447: $? = 0
configure:3488: result: yes
configure:3505: checking for gcc option to accept ISO C89
configure:3569: gcc  -c -g -O2  conftest.c >&5
configure:3569: $? = 0
configure:3582: result: none needed
configure:3613: checking for style of include used by make
configure:3641: result: GNU
configure:3666: checking dependency style of gcc
configure:3776: result: gcc3
configure:3796: checking for flex
configure:3826: result: no
configure:3796: checking for lex
configure:3826: result: no
configure:3974: checking for a sed that does not truncate output
configure:4038: result: /bin/sed
configure:4056: checking for grep that handles long lines and -e
configure:4114: result: /bin/grep
configure:4119: checking for egrep
configure:4181: result: /bin/grep -E
configure:4186: checking for fgrep
configure:4248: result: /bin/grep -F
configure:4283: checking for ld used by gcc
configure:4350: result: /usr/bin/ld
configure:4357: checking if the linker (/usr/bin/ld) is GNU ld
configure:4372: result: yes
configure:4384: checking for BSD- or MS-compatible name lister (nm)
configure:4433: result: /usr/bin/nm -B
configure:4551: checking the name lister (/usr/bin/nm -B) interface
configure:4558: gcc -c -g -O2  conftest.c >&5
configure:4561: /usr/bin/nm -B "conftest.o"
configure:4564: output
0000000000000000 B some_variable
configure:4571: result: BSD nm
configure:4574: checking whether ln -s works
configure:4578: result: yes
configure:4586: checking the maximum length of command line arguments
configure:4706: result: 1966080
configure:4723: checking whether the shell understands some XSI constructs
configure:4733: result: yes
configure:4737: checking whether the shell understands "+="
configure:4743: result: yes
configure:4778: checking for /usr/bin/ld option to reload object files
configure:4785: result: -r
configure:4854: checking for objdump
configure:4870: found /usr/bin/objdump
configure:4881: result: objdump
configure:4913: checking how to recognize dependent libraries
configure:5109: result: pass_all
configure:5169: checking for ar
configure:5185: found /usr/bin/ar
configure:5196: result: ar
configure:5274: checking for strip
configure:5290: found /usr/bin/strip
configure:5301: result: strip
configure:5373: checking for ranlib
configure:5389: found /usr/bin/ranlib
configure:5400: result: ranlib
configure:5490: checking command to parse /usr/bin/nm -B output from gcc object
configure:5608: gcc -c -g -O2  conftest.c >&5
configure:5611: $? = 0
configure:5615: /usr/bin/nm -B conftest.o \| sed -n -e 's/^.*[	 ]\([ABCDGIRSTW][ABCDGIRSTW]*\)[	 ][	 ]*\([_A-Za-z][_A-Za-z0-9]*\)$/\1 \2 \2/p' \> conftest.nm
configure:5618: $? = 0
configure:5672: gcc -o conftest -g -O2   conftest.c conftstm.o >&5
configure:5675: $? = 0
configure:5713: result: ok
configure:5808: gcc -c -g -O2  conftest.c >&5
configure:5811: $? = 0
configure:6521: checking how to run the C preprocessor
configure:6552: gcc -E  conftest.c
configure:6552: $? = 0
configure:6566: gcc -E  conftest.c
conftest.c:11: fatal error: ac_nonexistent.h: No such file or directory
compilation terminated.
configure:6566: $? = 1
configure: failed program was:
| /* confdefs.h */
| #define PACKAGE_NAME "libeep"
| #define PACKAGE_TARNAME "libeep"
| #define PACKAGE_VERSION "3.3.163"
| #define PACKAGE_STRING "libeep 3.3.163"
| #define PACKAGE_BUGREPORT ""
| #define PACKAGE_URL ""
| #define PACKAGE "libeep"
| #define VERSION "3.3.163"
| /* end confdefs.h.  */
| #include <ac_nonexistent.h>
configure:6591: result: gcc -E
configure:6611: gcc -E  conftest.c
configure:6611: $? = 0
configure:6625: gcc -E  conftest.c
conftest.c:11: fatal error: ac_nonexistent.h: No such file or directory
compilation terminated.
configure:6625: $? = 1
configure: failed program was:
| /* confdefs.h */
| #define PACKAGE_NAME "libeep"
| #define PACKAGE_TARNAME "libeep"
| #define PACKAGE_VERSION "3.3.163"
| #define PACKAGE_STRING "libeep 3.3.163"
| #define PACKAGE_BUGREPORT ""
| #define PACKAGE_URL ""
| #define PACKAGE "libeep"
| #define VERSION "3.3.163"
| /* end confdefs.h.  */
| #include <ac_nonexistent.h>
configure:6654: checking for ANSI C header files
configure:6674: gcc -c -g -O2  conftest.c >&5
configure:6674: $? = 0
configure:6747: gcc -o conftest -g -O2   conftest.c  >&5
configure:6747: $? = 0
configure:6747: ./conftest
configure:6747: $? = 0
configure:6758: result: yes
configure:6771: checking for sys/types.h
configure:6771: gcc -c -g -O2  conftest.c >&5
configure:6771: $? = 0
configure:6771: result: yes
configure:6771: checking for sys/stat.h
configure:6771: gcc -c -g -O2  conftest.c >&5
configure:6771: $? = 0
configure:6771: result: yes
configure:6771: checking for stdlib.h
configure:6771: gcc -c -g -O2  conftest.c >&5
configure:6771: $? = 0
configure:6771: result: yes
configure:6771: checking for string.h
configure:6771: gcc -c -g -O2  conftest.c >&5
configure:6771: $? = 0
configure:6771: result: yes
configure:6771: checking for memory.h
configure:6771: gcc -c -g -O2  conftest.c >&5
configure:6771: $? = 0
configure:6771: result: yes
configure:6771: checking for strings.h
configure:6771: gcc -c -g -O2  conftest.c >&5
configure:6771: $? = 0
configure:6771: result: yes
configure:6771: checking for inttypes.h
configure:6771: gcc -c -g -O2  conftest.c >&5
configure:6771: $? = 0
configure:6771: result: yes
configure:6771: checking for stdint.h
configure:6771: gcc -c -g -O2  conftest.c >&5
configure:6771: $? = 0
configure:6771: result: yes
configure:6771: checking for unistd.h
configure:6771: gcc -c -g -O2  conftest.c >&5
configure:6771: $? = 0
configure:6771: result: yes
configure:6786: checking for dlfcn.h
configure:6786: gcc -c -g -O2  conftest.c >&5
configure:6786: $? = 0
configure:6786: result: yes
configure:6970: checking for objdir
configure:6985: result: .libs
configure:7277: checking if gcc supports -fno-rtti -fno-exceptions
configure:7295: gcc -c -g -O2  -fno-rtti -fno-exceptions conftest.c >&5
cc1: warning: command line option "-fno-rtti" is valid for C++/ObjC++ but not for C
configure:7299: $? = 0
configure:7312: result: no
configure:7332: checking for gcc option to produce PIC
configure:7604: result: -fPIC -DPIC
configure:7616: checking if gcc PIC flag -fPIC -DPIC works
configure:7634: gcc -c -g -O2  -fPIC -DPIC -DPIC conftest.c >&5
configure:7638: $? = 0
configure:7651: result: yes
configure:7675: checking if gcc static flag -static works
configure:7703: result: yes
configure:7718: checking if gcc supports -c -o file.o
configure:7739: gcc -c -g -O2  -o out/conftest2.o conftest.c >&5
configure:7743: $? = 0
configure:7765: result: yes
configure:7773: checking if gcc supports -c -o file.o
configure:7820: result: yes
configure:7853: checking whether the gcc linker (/usr/bin/ld -m elf_x86_64) supports shared libraries
configure:8844: result: yes
configure:8881: checking whether -lc should be explicitly linked in
configure:8886: gcc -c -g -O2  conftest.c >&5
configure:8889: $? = 0
configure:8904: gcc -shared conftest.o  -v -Wl,-soname -Wl,conftest -o conftest 2\>\&1 \| /bin/grep  -lc  \>/dev/null 2\>\&1
configure:8907: $? = 0
configure:8919: result: no
configure:9083: checking dynamic linker characteristics
configure:9516: gcc -o conftest -g -O2   -Wl,-rpath -Wl,/foo conftest.c  >&5
configure:9516: $? = 0
configure:9746: result: GNU/Linux ld.so
configure:9848: checking how to hardcode library paths into programs
configure:9873: result: immediate
configure:10393: checking whether stripping libraries is possible
configure:10398: result: yes
configure:10433: checking if libtool supports shared libraries
configure:10435: result: yes
configure:10438: checking whether to build shared libraries
configure:10459: result: yes
configure:10462: checking whether to build static libraries
configure:10466: result: yes
configure:10612: checking for Matlab prefix
configure:10641: result: /opt/matlab2010a
configure:10649: checking whether to enable Matlab support
configure:10663: result: yes
configure:10687: checking for MEX options file handling
configure:10691: result: standard
configure:10746: checking for mex
configure:10765: found /opt/matlab2010a/bin/mex
configure:10777: result: /opt/matlab2010a/bin/mex
configure:10802: checking for MEX-file suffix
configure:10844: result: mexa64
configure:11021: creating ./config.status

## ---------------------- ##
## Running config.status. ##
## ---------------------- ##

This file was extended by libeep config.status 3.3.163, which was
generated by GNU Autoconf 2.65.  Invocation command line was

  CONFIG_FILES    = 
  CONFIG_HEADERS  = 
  CONFIG_LINKS    = 
  CONFIG_COMMANDS = 
  $ ./config.status 

on melete

config.status:1004: creating libeep-config
config.status:1004: creating Makefile
config.status:1004: creating src/Makefile
config.status:1004: creating test/Makefile
config.status:1004: creating libeep.pc
config.status:1167: executing depfiles commands
config.status:1167: executing libtool commands

## ---------------- ##
## Cache variables. ##
## ---------------- ##

ac_cv_build=x86_64-unknown-linux-gnu
ac_cv_c_compiler_gnu=yes
ac_cv_env_CC_set=
ac_cv_env_CC_value=
ac_cv_env_CFLAGS_set=
ac_cv_env_CFLAGS_value=
ac_cv_env_CPPFLAGS_set=
ac_cv_env_CPPFLAGS_value=
ac_cv_env_CPP_set=
ac_cv_env_CPP_value=
ac_cv_env_LDFLAGS_set=
ac_cv_env_LDFLAGS_value=
ac_cv_env_LIBS_set=
ac_cv_env_LIBS_value=
ac_cv_env_build_alias_set=
ac_cv_env_build_alias_value=
ac_cv_env_host_alias_set=
ac_cv_env_host_alias_value=
ac_cv_env_target_alias_set=
ac_cv_env_target_alias_value=
ac_cv_header_dlfcn_h=yes
ac_cv_header_inttypes_h=yes
ac_cv_header_memory_h=yes
ac_cv_header_stdc=yes
ac_cv_header_stdint_h=yes
ac_cv_header_stdlib_h=yes
ac_cv_header_string_h=yes
ac_cv_header_strings_h=yes
ac_cv_header_sys_stat_h=yes
ac_cv_header_sys_types_h=yes
ac_cv_header_unistd_h=yes
ac_cv_host=x86_64-unknown-linux-gnu
ac_cv_objext=o
ac_cv_path_EGREP='/bin/grep -E'
ac_cv_path_FGREP='/bin/grep -F'
ac_cv_path_GREP=/bin/grep
ac_cv_path_MEX=/opt/matlab2010a/bin/mex
ac_cv_path_SED=/bin/sed
ac_cv_path_install='/usr/bin/install -c'
ac_cv_path_mkdir=/bin/mkdir
ac_cv_prog_AWK=gawk
ac_cv_prog_CPP='gcc -E'
ac_cv_prog_ac_ct_AR=ar
ac_cv_prog_ac_ct_CC=gcc
ac_cv_prog_ac_ct_OBJDUMP=objdump
ac_cv_prog_ac_ct_RANLIB=ranlib
ac_cv_prog_ac_ct_STRIP=strip
ac_cv_prog_cc_c89=
ac_cv_prog_cc_g=yes
ac_cv_prog_make_make_set=yes
am_cv_CC_dependencies_compiler_type=gcc3
ax_cv_matlab=/opt/matlab2010a
ax_cv_mexext=mexa64
lt_cv_deplibs_check_method=pass_all
lt_cv_file_magic_cmd='$MAGIC_CMD'
lt_cv_file_magic_test_file=
lt_cv_ld_reload_flag=-r
lt_cv_nm_interface='BSD nm'
lt_cv_objdir=.libs
lt_cv_path_LD=/usr/bin/ld
lt_cv_path_NM='/usr/bin/nm -B'
lt_cv_prog_compiler_c_o=yes
lt_cv_prog_compiler_pic_works=yes
lt_cv_prog_compiler_rtti_exceptions=no
lt_cv_prog_compiler_static_works=yes
lt_cv_prog_gnu_ld=yes
lt_cv_sys_global_symbol_pipe='sed -n -e '\''s/^.*[	 ]\([ABCDGIRSTW][ABCDGIRSTW]*\)[	 ][	 ]*\([_A-Za-z][_A-Za-z0-9]*\)$/\1 \2 \2/p'\'''
lt_cv_sys_global_symbol_to_c_name_address='sed -n -e '\''s/^: \([^ ]*\) $/  {\"\1\", (void *) 0},/p'\'' -e '\''s/^[ABCDGIRSTW]* \([^ ]*\) \([^ ]*\)$/  {"\2", (void *) \&\2},/p'\'''
lt_cv_sys_global_symbol_to_c_name_address_lib_prefix='sed -n -e '\''s/^: \([^ ]*\) $/  {\"\1\", (void *) 0},/p'\'' -e '\''s/^[ABCDGIRSTW]* \([^ ]*\) \(lib[^ ]*\)$/  {"\2", (void *) \&\2},/p'\'' -e '\''s/^[ABCDGIRSTW]* \([^ ]*\) \([^ ]*\)$/  {"lib\2", (void *) \&\2},/p'\'''
lt_cv_sys_global_symbol_to_cdecl='sed -n -e '\''s/^T .* \(.*\)$/extern int \1();/p'\'' -e '\''s/^[ABCDGIRSTW]* .* \(.*\)$/extern char \1;/p'\'''
lt_cv_sys_max_cmd_len=1966080

## ----------------- ##
## Output variables. ##
## ----------------- ##

ACLOCAL='${SHELL} /net/store/nbp/eeg_et/tools/libeep-3.3.163/missing --run aclocal-1.11'
AMDEPBACKSLASH='\'
AMDEP_FALSE='#'
AMDEP_TRUE=''
AMTAR='${SHELL} /net/store/nbp/eeg_et/tools/libeep-3.3.163/missing --run tar'
AR='ar'
AUTOCONF='${SHELL} /net/store/nbp/eeg_et/tools/libeep-3.3.163/missing --run autoconf'
AUTOHEADER='${SHELL} /net/store/nbp/eeg_et/tools/libeep-3.3.163/missing --run autoheader'
AUTOMAKE='${SHELL} /net/store/nbp/eeg_et/tools/libeep-3.3.163/missing --run automake-1.11'
AWK='gawk'
CC='gcc'
CCDEPMODE='depmode=gcc3'
CFLAGS='-g -O2'
CONDMEX_FALSE='#'
CONDMEX_TRUE=''
CONDTEST_FALSE=''
CONDTEST_TRUE='#'
CPP='gcc -E'
CPPFLAGS=''
CYGPATH_W='echo'
DEFS='-DPACKAGE_NAME=\"libeep\" -DPACKAGE_TARNAME=\"libeep\" -DPACKAGE_VERSION=\"3.3.163\" -DPACKAGE_STRING=\"libeep\ 3.3.163\" -DPACKAGE_BUGREPORT=\"\" -DPACKAGE_URL=\"\" -DPACKAGE=\"libeep\" -DVERSION=\"3.3.163\" -DSTDC_HEADERS=1 -DHAVE_SYS_TYPES_H=1 -DHAVE_SYS_STAT_H=1 -DHAVE_STDLIB_H=1 -DHAVE_STRING_H=1 -DHAVE_MEMORY_H=1 -DHAVE_STRINGS_H=1 -DHAVE_INTTYPES_H=1 -DHAVE_STDINT_H=1 -DHAVE_UNISTD_H=1 -DHAVE_DLFCN_H=1 -DLT_OBJDIR=\".libs/\" -DHAVE_MATLAB=1'
DEPDIR='.deps'
DSYMUTIL=''
DUMPBIN=''
ECHO_C=''
ECHO_N='-n'
ECHO_T=''
EGREP='/bin/grep -E'
EXEEXT=''
FGREP='/bin/grep -F'
GREP='/bin/grep'
INSTALL_DATA='${INSTALL} -m 644'
INSTALL_PROGRAM='${INSTALL}'
INSTALL_SCRIPT='${INSTALL}'
INSTALL_STRIP_PROGRAM='$(install_sh) -c -s'
LD='/usr/bin/ld -m elf_x86_64'
LDFLAGS=''
LEX=':'
LEXLIB=''
LEX_OUTPUT_ROOT=''
LIBOBJS=''
LIBS=''
LIBTOOL='$(SHELL) $(top_builddir)/libtool'
LIPO=''
LN_S='ln -s'
LTLIBOBJS=''
MAKEINFO='${SHELL} /net/store/nbp/eeg_et/tools/libeep-3.3.163/missing --run makeinfo'
MATLAB='/opt/matlab2010a'
MEX='/opt/matlab2010a/bin/mex'
MEXEXT='mexa64'
MEXFLAGS='-O'
MEXLDADD=''
MEXOPTS=''
MKDIR_P='/bin/mkdir -p'
NM='/usr/bin/nm -B'
NMEDIT=''
OBJDUMP='objdump'
OBJEXT='o'
OTOOL64=''
OTOOL=''
PACKAGE='libeep'
PACKAGE_BUGREPORT=''
PACKAGE_LIBRARY_VERSION='6:163:3'
PACKAGE_NAME='libeep'
PACKAGE_STRING='libeep 3.3.163'
PACKAGE_TARNAME='libeep'
PACKAGE_URL=''
PACKAGE_VERSION='3.3.163'
PATH_SEPARATOR=':'
RANLIB='ranlib'
SED='/bin/sed'
SET_MAKE=''
SHELL='/bin/sh'
STRIP='strip'
VERSION='3.3.163'
ac_ct_CC='gcc'
ac_ct_DUMPBIN=''
am__EXEEXT_FALSE=''
am__EXEEXT_TRUE='#'
am__fastdepCC_FALSE='#'
am__fastdepCC_TRUE=''
am__include='include'
am__isrc=''
am__leading_dot='.'
am__quote=''
am__tar='${AMTAR} chof - "$$tardir"'
am__untar='${AMTAR} xf -'
bindir='${exec_prefix}/bin'
build='x86_64-unknown-linux-gnu'
build_alias=''
build_cpu='x86_64'
build_os='linux-gnu'
build_vendor='unknown'
datadir='${datarootdir}'
datarootdir='${prefix}/share'
docdir='${datarootdir}/doc/${PACKAGE_TARNAME}'
dvidir='${docdir}'
exec_prefix='${prefix}'
host='x86_64-unknown-linux-gnu'
host_alias=''
host_cpu='x86_64'
host_os='linux-gnu'
host_vendor='unknown'
htmldir='${docdir}'
includedir='${prefix}/include'
infodir='${datarootdir}/info'
install_sh='${SHELL} /net/store/nbp/eeg_et/tools/libeep-3.3.163/install-sh'
libdir='${exec_prefix}/lib'
libexecdir='${exec_prefix}/libexec'
localedir='${datarootdir}/locale'
localstatedir='${prefix}/var'
lt_ECHO='echo'
mandir='${datarootdir}/man'
mexopts_sh=''
mkdir_p='/bin/mkdir -p'
oldincludedir='/usr/include'
pdfdir='${docdir}'
prefix='/net/store/nbp/eeg_et/tools/libeep-3.3.163/installation'
program_transform_name='s,x,x,'
psdir='${docdir}'
sbindir='${exec_prefix}/sbin'
sharedstatedir='${prefix}/com'
sysconfdir='${prefix}/etc'
target_alias=''

## ----------- ##
## confdefs.h. ##
## ----------- ##

/* confdefs.h */
#define PACKAGE_NAME "libeep"
#define PACKAGE_TARNAME "libeep"
#define PACKAGE_VERSION "3.3.163"
#define PACKAGE_STRING "libeep 3.3.163"
#define PACKAGE_BUGREPORT ""
#define PACKAGE_URL ""
#define PACKAGE "libeep"
#define VERSION "3.3.163"
#define STDC_HEADERS 1
#define HAVE_SYS_TYPES_H 1
#define HAVE_SYS_STAT_H 1
#define HAVE_STDLIB_H 1
#define HAVE_STRING_H 1
#define HAVE_MEMORY_H 1
#define HAVE_STRINGS_H 1
#define HAVE_INTTYPES_H 1
#define HAVE_STDINT_H 1
#define HAVE_UNISTD_H 1
#define HAVE_DLFCN_H 1
#define LT_OBJDIR ".libs/"
#define HAVE_MATLAB 1

configure: exit 0
